<?xml version="1.0" encoding="UTF-8"?>
<testsuite xmlns:xsi="http://www.w3.org/2001/XMLSchema-instance" xsi:noNamespaceSchemaLocation="https://maven.apache.org/surefire/maven-surefire-plugin/xsd/surefire-test-report.xsd" name="com.udacity.jwdnd.course1.cloudstorage.AuthTests" time="1.899" tests="2" errors="0" skipped="0" failures="0">
  <properties>
[...]
</properties>
  <testcase name="testUnauthorizeUser" classname="com.udacity.jwdnd.course1.cloudstorage.AuthTests" time="0.399"/>
  <testcase name="testLoginLogout" classname="com.udacity.jwdnd.course1.cloudstorage.AuthTests" time="0.362"/>
</testsuite>